[debug] [2019-12-09T16:35:02.149Z] ----------------------------------------------------------------------
[debug] [2019-12-09T16:35:02.157Z] Command:       /usr/local/bin/node /usr/local/bin/firebase deploy
[debug] [2019-12-09T16:35:02.157Z] CLI Version:   7.9.0
[debug] [2019-12-09T16:35:02.157Z] Platform:      darwin
[debug] [2019-12-09T16:35:02.157Z] Node Version:  v12.13.1
[debug] [2019-12-09T16:35:02.175Z] Time:          Mon Dec 09 2019 11:35:02 GMT-0500 (Eastern Standard Time)
[debug] [2019-12-09T16:35:02.175Z] ----------------------------------------------------------------------
[debug] [2019-12-09T16:35:02.175Z] 
[debug] [2019-12-09T16:35:02.209Z] > command requires scopes: ["email","openid","https://www.googleapis.com/auth/cloudplatformprojects.readonly","https://www.googleapis.com/auth/firebase","https://www.googleapis.com/auth/cloud-platform"]
[debug] [2019-12-09T16:35:02.210Z] > authorizing via signed-in user
[debug] [2019-12-09T16:35:02.210Z] [iam] checking project website2020-ebb54 for permissions ["firebase.projects.get","firebasehosting.sites.update"]
[debug] [2019-12-09T16:35:02.213Z] > refreshing access token with scopes: ["email","https://www.googleapis.com/auth/cloud-platform","https://www.googleapis.com/auth/cloudplatformprojects.readonly","https://www.googleapis.com/auth/firebase","openid"]
[debug] [2019-12-09T16:35:02.213Z] >>> HTTP REQUEST POST https://www.googleapis.com/oauth2/v3/token  
 <request body omitted>
[debug] [2019-12-09T16:35:04.347Z] <<< HTTP RESPONSE 200
[debug] [2019-12-09T16:35:04.375Z] >>> HTTP REQUEST POST https://cloudresourcemanager.googleapis.com/v1/projects/website2020-ebb54:testIamPermissions  

[debug] [2019-12-09T16:35:12.756Z] <<< HTTP RESPONSE 200
[debug] [2019-12-09T16:35:12.758Z] >>> HTTP REQUEST GET https://firebase.googleapis.com/v1beta1/projects/website2020-ebb54  
 
[debug] [2019-12-09T16:35:15.229Z] <<< HTTP RESPONSE 200
[info] 
[info] === Deploying to 'website2020-ebb54'...
[info] 
[info] i  deploying hosting
[debug] [2019-12-09T16:35:15.237Z] >>> HTTP REQUEST POST https://firebasehosting.googleapis.com/v1beta1/sites/website2020-ebb54/versions  

[debug] [2019-12-09T16:35:17.423Z] <<< HTTP RESPONSE 200
[info] i  hosting[website2020-ebb54]: beginning deploy...
[info] i  hosting[website2020-ebb54]: found 107 files in dist
[debug] [2019-12-09T16:35:20.349Z] [hosting] hash cache [ZGlzdA] stored for 107 files
[debug] [2019-12-09T16:35:20.355Z] [hosting][hash queue][FINAL]
[debug] [2019-12-09T16:35:20.356Z] >>> HTTP REQUEST POST https://firebasehosting.googleapis.com/v1beta1/sites/website2020-ebb54/versions/201806969c847402:populateFiles  
 <request body omitted>
